<?xml version="1.0" encoding="UTF-8"?>
<testng-results ignored="0" total="2" passed="2" failed="0" skipped="0">
  <reporter-output>
  </reporter-output>
  <suite started-at="2024-10-01T20:21:29 IST" name="Master Suite" finished-at="2024-10-01T20:21:41 IST" duration-ms="12527">
    <groups>
      <group name="Master">
        <method signature="TC001_AccountRegistrartionTest.verify_Account_Registration()[pri:0, instance:testtPage.TC001_AccountRegistrartionTest@5f354bcf]" name="verify_Account_Registration" class="testtPage.TC001_AccountRegistrartionTest"/>
        <method signature="TC002_AccountLoginTest.LogintoAccount()[pri:0, instance:testtPage.TC002_AccountLoginTest@1fc32e4f]" name="LogintoAccount" class="testtPage.TC002_AccountLoginTest"/>
      </group> <!-- Master -->
      <group name="Sanity">
        <method signature="TC002_AccountLoginTest.LogintoAccount()[pri:0, instance:testtPage.TC002_AccountLoginTest@1fc32e4f]" name="LogintoAccount" class="testtPage.TC002_AccountLoginTest"/>
      </group> <!-- Sanity -->
      <group name="Regresstion">
        <method signature="TC001_AccountRegistrartionTest.verify_Account_Registration()[pri:0, instance:testtPage.TC001_AccountRegistrartionTest@5f354bcf]" name="verify_Account_Registration" class="testtPage.TC001_AccountRegistrartionTest"/>
      </group> <!-- Regresstion -->
    </groups>
    <test started-at="2024-10-01T20:21:29 IST" name="master" finished-at="2024-10-01T20:21:41 IST" duration-ms="12527">
      <class name="testtPage.TC001_AccountRegistrartionTest">
        <test-method is-config="true" signature="setUp(java.lang.String,java.lang.String)[pri:0, instance:testtPage.TC001_AccountRegistrartionTest@5f354bcf]" started-at="2024-10-01T20:21:29 IST" name="setUp" finished-at="2024-10-01T20:21:34 IST" duration-ms="4406" status="PASS">
          <params>
            <param index="0">
              <value>
                <![CDATA[Windows]]>
              </value>
            </param>
            <param index="1">
              <value>
                <![CDATA[chrome]]>
              </value>
            </param>
          </params>
          <reporter-output>
          </reporter-output>
        </test-method> <!-- setUp -->
        <test-method signature="verify_Account_Registration()[pri:0, instance:testtPage.TC001_AccountRegistrartionTest@5f354bcf]" started-at="2024-10-01T20:21:34 IST" name="verify_Account_Registration" finished-at="2024-10-01T20:21:36 IST" duration-ms="2095" status="PASS">
          <reporter-output>
          </reporter-output>
        </test-method> <!-- verify_Account_Registration -->
        <test-method is-config="true" signature="tearDown()[pri:0, instance:testtPage.TC001_AccountRegistrartionTest@5f354bcf]" started-at="2024-10-01T20:21:36 IST" name="tearDown" finished-at="2024-10-01T20:21:36 IST" duration-ms="294" status="PASS">
          <reporter-output>
          </reporter-output>
        </test-method> <!-- tearDown -->
      </class> <!-- testtPage.TC001_AccountRegistrartionTest -->
      <class name="testtPage.TC002_AccountLoginTest">
        <test-method is-config="true" signature="setUp(java.lang.String,java.lang.String)[pri:0, instance:testtPage.TC002_AccountLoginTest@1fc32e4f]" started-at="2024-10-01T20:21:36 IST" name="setUp" finished-at="2024-10-01T20:21:40 IST" duration-ms="3662" status="PASS">
          <params>
            <param index="0">
              <value>
                <![CDATA[Windows]]>
              </value>
            </param>
            <param index="1">
              <value>
                <![CDATA[chrome]]>
              </value>
            </param>
          </params>
          <reporter-output>
          </reporter-output>
        </test-method> <!-- setUp -->
        <test-method signature="LogintoAccount()[pri:0, instance:testtPage.TC002_AccountLoginTest@1fc32e4f]" started-at="2024-10-01T20:21:40 IST" name="LogintoAccount" finished-at="2024-10-01T20:21:41 IST" duration-ms="1566" status="PASS">
          <reporter-output>
          </reporter-output>
        </test-method> <!-- LogintoAccount -->
        <test-method is-config="true" signature="tearDown()[pri:0, instance:testtPage.TC002_AccountLoginTest@1fc32e4f]" started-at="2024-10-01T20:21:41 IST" name="tearDown" finished-at="2024-10-01T20:21:41 IST" duration-ms="270" status="PASS">
          <reporter-output>
          </reporter-output>
        </test-method> <!-- tearDown -->
      </class> <!-- testtPage.TC002_AccountLoginTest -->
    </test> <!-- master -->
  </suite> <!-- Master Suite -->
</testng-results>
